\BOOKMARK [1][-]{section.1}{Introduction}{}% 1
\BOOKMARK [1][-]{section.2}{The JuliaCon Article Class}{}% 2
\BOOKMARK [1][-]{section.3}{USING THE JuliaCon Article CLASS FILE}{}% 3
\BOOKMARK [1][-]{section.4}{Additional Document Style Options}{}% 4
\BOOKMARK [1][-]{section.5}{Additional features}{}% 5
\BOOKMARK [2][-]{subsection.5.1}{Titles, Author's Name, and Affiliation}{section.5}% 6
\BOOKMARK [2][-]{subsection.5.2}{Writing Julia code}{section.5}% 7
\BOOKMARK [2][-]{subsection.5.3}{Abstracts, Key words, term etc...}{section.5}% 8
\BOOKMARK [1][-]{section.6}{Some guidelines}{}% 9
\BOOKMARK [2][-]{subsection.6.1}{Sections}{section.6}% 10
\BOOKMARK [2][-]{subsection.6.2}{Lists}{section.6}% 11
\BOOKMARK [2][-]{subsection.6.3}{Illustrations \(or figures\)}{section.6}% 12
\BOOKMARK [2][-]{subsection.6.4}{Tables}{section.6}% 13
\BOOKMARK [2][-]{subsection.6.5}{Landscaping Pages}{section.6}% 14
\BOOKMARK [2][-]{subsection.6.6}{Double Column Figure and Tables}{section.6}% 15
\BOOKMARK [2][-]{subsection.6.7}{Typesetting Mathematics}{section.6}% 16
\BOOKMARK [2][-]{subsection.6.8}{Enunciations}{section.6}% 17
\BOOKMARK [2][-]{subsection.6.9}{Extract}{section.6}% 18
\BOOKMARK [2][-]{subsection.6.10}{Balancing column at last page}{section.6}% 19
\BOOKMARK [1][-]{section.7}{Handling references}{}% 20
\BOOKMARK [1][-]{section.8}{References}{}% 21
